Copyright 1986-2022 Xilinx, Inc. All Rights Reserved. Copyright 2022-2024 Advanced Micro Devices, Inc. All Rights Reserved.
---------------------------------------------------------------------------------------------------------------------------------------------------------------------------------------------------------------
| Tool Version : Vivado v.2024.1 (win64) Build 5076996 Wed May 22 18:37:14 MDT 2024
| Date         : Tue Oct 15 22:30:47 2024
| Host         : LAPTOP-LUSNKK8B running 64-bit major release  (build 9200)
| Command      : report_timing_summary -max_paths 10 -report_unconstrained -file fsm101_timing_summary_routed.rpt -pb fsm101_timing_summary_routed.pb -rpx fsm101_timing_summary_routed.rpx -warn_on_violation
| Design       : fsm101
| Device       : 7a35t-cpg236
| Speed File   : -1  PRODUCTION 1.23 2018-06-13
| Design State : Routed
---------------------------------------------------------------------------------------------------------------------------------------------------------------------------------------------------------------

Timing Summary Report

------------------------------------------------------------------------------------------------
| Timer Settings
| --------------
------------------------------------------------------------------------------------------------

  Enable Multi Corner Analysis               :  Yes
  Enable Pessimism Removal                   :  Yes
  Pessimism Removal Resolution               :  Nearest Common Node
  Enable Input Delay Default Clock           :  No
  Enable Preset / Clear Arcs                 :  No
  Disable Flight Delays                      :  No
  Ignore I/O Paths                           :  No
  Timing Early Launch at Borrowing Latches   :  No
  Borrow Time for Max Delay Exceptions       :  Yes
  Merge Timing Exceptions                    :  Yes
  Inter-SLR Compensation                     :  Conservative

  Corner  Analyze    Analyze    
  Name    Max Paths  Min Paths  
  ------  ---------  ---------  
  Slow    Yes        Yes        
  Fast    Yes        Yes        


------------------------------------------------------------------------------------------------
| Report Methodology
| ------------------
------------------------------------------------------------------------------------------------

Rule       Severity          Description                  Violations  
---------  ----------------  ---------------------------  ----------  
TIMING-17  Critical Warning  Non-clocked sequential cell  2           

Note: This report is based on the most recent report_methodology run and may not be up-to-date. Run report_methodology on the current design for the latest report.



check_timing report

Table of Contents
-----------------
1. checking no_clock (2)
2. checking constant_clock (0)
3. checking pulse_width_clock (0)
4. checking unconstrained_internal_endpoints (4)
5. checking no_input_delay (2)
6. checking no_output_delay (1)
7. checking multiple_clock (0)
8. checking generated_clocks (0)
9. checking loops (0)
10. checking partial_input_delay (0)
11. checking partial_output_delay (0)
12. checking latch_loops (0)

1. checking no_clock (2)
------------------------
 There are 2 register/latch pins with no clock driven by root clock pin: clk (HIGH)


2. checking constant_clock (0)
------------------------------
 There are 0 register/latch pins with constant_clock.


3. checking pulse_width_clock (0)
---------------------------------
 There are 0 register/latch pins which need pulse_width check


4. checking unconstrained_internal_endpoints (4)
------------------------------------------------
 There are 4 pins that are not constrained for maximum delay. (HIGH)

 There are 0 pins that are not constrained for maximum delay due to constant clock.


5. checking no_input_delay (2)
------------------------------
 There are 2 input ports with no input delay specified. (HIGH)

 There are 0 input ports with no input delay but user has a false path constraint.


6. checking no_output_delay (1)
-------------------------------
 There is 1 port with no output delay specified. (HIGH)

 There are 0 ports with no output delay but user has a false path constraint

 There are 0 ports with no output delay but with a timing clock defined on it or propagating through it


7. checking multiple_clock (0)
------------------------------
 There are 0 register/latch pins with multiple clocks.


8. checking generated_clocks (0)
--------------------------------
 There are 0 generated clocks that are not connected to a clock source.


9. checking loops (0)
---------------------
 There are 0 combinational loops in the design.


10. checking partial_input_delay (0)
------------------------------------
 There are 0 input ports with partial input delay specified.


11. checking partial_output_delay (0)
-------------------------------------
 There are 0 ports with partial output delay specified.


12. checking latch_loops (0)
----------------------------
 There are 0 combinational latch loops in the design through latch input



------------------------------------------------------------------------------------------------
| Design Timing Summary
| ---------------------
------------------------------------------------------------------------------------------------

    WNS(ns)      TNS(ns)  TNS Failing Endpoints  TNS Total Endpoints      WHS(ns)      THS(ns)  THS Failing Endpoints  THS Total Endpoints     WPWS(ns)     TPWS(ns)  TPWS Failing Endpoints  TPWS Total Endpoints  
    -------      -------  ---------------------  -------------------      -------      -------  ---------------------  -------------------     --------     --------  ----------------------  --------------------  
        inf        0.000                      0                    5          inf        0.000                      0                    5           NA           NA                      NA                    NA  


There are no user specified timing constraints.


------------------------------------------------------------------------------------------------
| Clock Summary
| -------------
------------------------------------------------------------------------------------------------


------------------------------------------------------------------------------------------------
| Intra Clock Table
| -----------------
------------------------------------------------------------------------------------------------

Clock             WNS(ns)      TNS(ns)  TNS Failing Endpoints  TNS Total Endpoints      WHS(ns)      THS(ns)  THS Failing Endpoints  THS Total Endpoints     WPWS(ns)     TPWS(ns)  TPWS Failing Endpoints  TPWS Total Endpoints  
-----             -------      -------  ---------------------  -------------------      -------      -------  ---------------------  -------------------     --------     --------  ----------------------  --------------------  


------------------------------------------------------------------------------------------------
| Inter Clock Table
| -----------------
------------------------------------------------------------------------------------------------

From Clock    To Clock          WNS(ns)      TNS(ns)  TNS Failing Endpoints  TNS Total Endpoints      WHS(ns)      THS(ns)  THS Failing Endpoints  THS Total Endpoints  
----------    --------          -------      -------  ---------------------  -------------------      -------      -------  ---------------------  -------------------  


------------------------------------------------------------------------------------------------
| Other Path Groups Table
| -----------------------
------------------------------------------------------------------------------------------------

Path Group    From Clock    To Clock          WNS(ns)      TNS(ns)  TNS Failing Endpoints  TNS Total Endpoints      WHS(ns)      THS(ns)  THS Failing Endpoints  THS Total Endpoints  
----------    ----------    --------          -------      -------  ---------------------  -------------------      -------      -------  ---------------------  -------------------  


------------------------------------------------------------------------------------------------
| User Ignored Path Table
| -----------------------
------------------------------------------------------------------------------------------------

Path Group    From Clock    To Clock    
----------    ----------    --------    


------------------------------------------------------------------------------------------------
| Unconstrained Path Table
| ------------------------
------------------------------------------------------------------------------------------------

Path Group    From Clock    To Clock    
----------    ----------    --------    
(none)                                    


------------------------------------------------------------------------------------------------
| Timing Details
| --------------
------------------------------------------------------------------------------------------------


--------------------------------------------------------------------------------------
Path Group:  (none)
From Clock:  
  To Clock:  

Max Delay             5 Endpoints
Min Delay             5 Endpoints
--------------------------------------------------------------------------------------


Max Delay Paths
--------------------------------------------------------------------------------------
Slack:                    inf
  Source:                 FSM_sequential_current_state_reg[0]/C
                            (rising edge-triggered cell FDCE)
  Destination:            patronReconocido
                            (output port)
  Path Group:             (none)
  Path Type:              Max at Slow Process Corner
  Data Path Delay:        5.380ns  (logic 3.179ns (59.092%)  route 2.201ns (40.908%))
  Logic Levels:           3  (FDCE=1 LUT2=1 OBUF=1)

    Location             Delay type                Incr(ns)  Path(ns)    Netlist Resource(s)
  -------------------------------------------------------------------    -------------------
    SLICE_X0Y1           FDCE                         0.000     0.000 r  FSM_sequential_current_state_reg[0]/C
    SLICE_X0Y1           FDCE (Prop_fdce_C_Q)         0.456     0.456 r  FSM_sequential_current_state_reg[0]/Q
                         net (fo=3, routed)           0.513     0.969    current_state[0]
    SLICE_X0Y1           LUT2 (Prop_lut2_I0_O)        0.124     1.093 r  patronReconocido_OBUF_inst_i_1/O
                         net (fo=1, routed)           1.688     2.781    patronReconocido_OBUF
    U14                  OBUF (Prop_obuf_I_O)         2.599     5.380 r  patronReconocido_OBUF_inst/O
                         net (fo=0)                   0.000     5.380    patronReconocido
    U14                                                               r  patronReconocido (OUT)
  -------------------------------------------------------------------    -------------------

Slack:                    inf
  Source:                 x
                            (input port)
  Destination:            FSM_sequential_current_state_reg[0]/D
  Path Group:             (none)
  Path Type:              Max at Slow Process Corner
  Data Path Delay:        2.039ns  (logic 1.058ns (51.896%)  route 0.981ns (48.104%))
  Logic Levels:           2  (IBUF=1 LUT3=1)

    Location             Delay type                Incr(ns)  Path(ns)    Netlist Resource(s)
  -------------------------------------------------------------------    -------------------
    V13                                               0.000     0.000 r  x (IN)
                         net (fo=0)                   0.000     0.000    x
    V13                  IBUF (Prop_ibuf_I_O)         0.934     0.934 r  x_IBUF_inst/O
                         net (fo=2, routed)           0.981     1.915    x_IBUF
    SLICE_X0Y1           LUT3 (Prop_lut3_I1_O)        0.124     2.039 r  FSM_sequential_current_state[0]_i_1/O
                         net (fo=1, routed)           0.000     2.039    next_state[0]
    SLICE_X0Y1           FDCE                                         r  FSM_sequential_current_state_reg[0]/D
  -------------------------------------------------------------------    -------------------

Slack:                    inf
  Source:                 x
                            (input port)
  Destination:            FSM_sequential_current_state_reg[1]/D
  Path Group:             (none)
  Path Type:              Max at Slow Process Corner
  Data Path Delay:        2.033ns  (logic 1.052ns (51.754%)  route 0.981ns (48.246%))
  Logic Levels:           2  (IBUF=1 LUT3=1)

    Location             Delay type                Incr(ns)  Path(ns)    Netlist Resource(s)
  -------------------------------------------------------------------    -------------------
    V13                                               0.000     0.000 r  x (IN)
                         net (fo=0)                   0.000     0.000    x
    V13                  IBUF (Prop_ibuf_I_O)         0.934     0.934 r  x_IBUF_inst/O
                         net (fo=2, routed)           0.981     1.915    x_IBUF
    SLICE_X0Y1           LUT3 (Prop_lut3_I2_O)        0.118     2.033 r  FSM_sequential_current_state[1]_i_1/O
                         net (fo=1, routed)           0.000     2.033    next_state[1]
    SLICE_X0Y1           FDCE                                         r  FSM_sequential_current_state_reg[1]/D
  -------------------------------------------------------------------    -------------------

Slack:                    inf
  Source:                 rst
                            (input port)
  Destination:            FSM_sequential_current_state_reg[0]/CLR
  Path Group:             (none)
  Path Type:              Max at Slow Process Corner
  Data Path Delay:        1.831ns  (logic 0.931ns (50.842%)  route 0.900ns (49.158%))
  Logic Levels:           1  (IBUF=1)

    Location             Delay type                Incr(ns)  Path(ns)    Netlist Resource(s)
  -------------------------------------------------------------------    -------------------
    V14                                               0.000     0.000 f  rst (IN)
                         net (fo=0)                   0.000     0.000    rst
    V14                  IBUF (Prop_ibuf_I_O)         0.931     0.931 f  rst_IBUF_inst/O
                         net (fo=2, routed)           0.900     1.831    rst_IBUF
    SLICE_X0Y1           FDCE                                         f  FSM_sequential_current_state_reg[0]/CLR
  -------------------------------------------------------------------    -------------------

Slack:                    inf
  Source:                 rst
                            (input port)
  Destination:            FSM_sequential_current_state_reg[1]/CLR
  Path Group:             (none)
  Path Type:              Max at Slow Process Corner
  Data Path Delay:        1.831ns  (logic 0.931ns (50.842%)  route 0.900ns (49.158%))
  Logic Levels:           1  (IBUF=1)

    Location             Delay type                Incr(ns)  Path(ns)    Netlist Resource(s)
  -------------------------------------------------------------------    -------------------
    V14                                               0.000     0.000 f  rst (IN)
                         net (fo=0)                   0.000     0.000    rst
    V14                  IBUF (Prop_ibuf_I_O)         0.931     0.931 f  rst_IBUF_inst/O
                         net (fo=2, routed)           0.900     1.831    rst_IBUF
    SLICE_X0Y1           FDCE                                         f  FSM_sequential_current_state_reg[1]/CLR
  -------------------------------------------------------------------    -------------------





Min Delay Paths
--------------------------------------------------------------------------------------
Slack:                    inf
  Source:                 FSM_sequential_current_state_reg[0]/C
                            (rising edge-triggered cell FDCE)
  Destination:            FSM_sequential_current_state_reg[1]/D
  Path Group:             (none)
  Path Type:              Min at Fast Process Corner
  Data Path Delay:        0.367ns  (logic 0.183ns (49.904%)  route 0.184ns (50.096%))
  Logic Levels:           2  (FDCE=1 LUT3=1)

    Location             Delay type                Incr(ns)  Path(ns)    Netlist Resource(s)
  -------------------------------------------------------------------    -------------------
    SLICE_X0Y1           FDCE                         0.000     0.000 r  FSM_sequential_current_state_reg[0]/C
    SLICE_X0Y1           FDCE (Prop_fdce_C_Q)         0.141     0.141 r  FSM_sequential_current_state_reg[0]/Q
                         net (fo=3, routed)           0.184     0.325    current_state[0]
    SLICE_X0Y1           LUT3 (Prop_lut3_I0_O)        0.042     0.367 r  FSM_sequential_current_state[1]_i_1/O
                         net (fo=1, routed)           0.000     0.367    next_state[1]
    SLICE_X0Y1           FDCE                                         r  FSM_sequential_current_state_reg[1]/D
  -------------------------------------------------------------------    -------------------

Slack:                    inf
  Source:                 FSM_sequential_current_state_reg[0]/C
                            (rising edge-triggered cell FDCE)
  Destination:            FSM_sequential_current_state_reg[0]/D
  Path Group:             (none)
  Path Type:              Min at Fast Process Corner
  Data Path Delay:        0.370ns  (logic 0.186ns (50.311%)  route 0.184ns (49.689%))
  Logic Levels:           2  (FDCE=1 LUT3=1)

    Location             Delay type                Incr(ns)  Path(ns)    Netlist Resource(s)
  -------------------------------------------------------------------    -------------------
    SLICE_X0Y1           FDCE                         0.000     0.000 r  FSM_sequential_current_state_reg[0]/C
    SLICE_X0Y1           FDCE (Prop_fdce_C_Q)         0.141     0.141 r  FSM_sequential_current_state_reg[0]/Q
                         net (fo=3, routed)           0.184     0.325    current_state[0]
    SLICE_X0Y1           LUT3 (Prop_lut3_I2_O)        0.045     0.370 r  FSM_sequential_current_state[0]_i_1/O
                         net (fo=1, routed)           0.000     0.370    next_state[0]
    SLICE_X0Y1           FDCE                                         r  FSM_sequential_current_state_reg[0]/D
  -------------------------------------------------------------------    -------------------

Slack:                    inf
  Source:                 rst
                            (input port)
  Destination:            FSM_sequential_current_state_reg[0]/CLR
  Path Group:             (none)
  Path Type:              Min at Fast Process Corner
  Data Path Delay:        0.510ns  (logic 0.160ns (31.376%)  route 0.350ns (68.624%))
  Logic Levels:           1  (IBUF=1)

    Location             Delay type                Incr(ns)  Path(ns)    Netlist Resource(s)
  -------------------------------------------------------------------    -------------------
    V14                                               0.000     0.000 f  rst (IN)
                         net (fo=0)                   0.000     0.000    rst
    V14                  IBUF (Prop_ibuf_I_O)         0.160     0.160 f  rst_IBUF_inst/O
                         net (fo=2, routed)           0.350     0.510    rst_IBUF
    SLICE_X0Y1           FDCE                                         f  FSM_sequential_current_state_reg[0]/CLR
  -------------------------------------------------------------------    -------------------

Slack:                    inf
  Source:                 rst
                            (input port)
  Destination:            FSM_sequential_current_state_reg[1]/CLR
  Path Group:             (none)
  Path Type:              Min at Fast Process Corner
  Data Path Delay:        0.510ns  (logic 0.160ns (31.376%)  route 0.350ns (68.624%))
  Logic Levels:           1  (IBUF=1)

    Location             Delay type                Incr(ns)  Path(ns)    Netlist Resource(s)
  -------------------------------------------------------------------    -------------------
    V14                                               0.000     0.000 f  rst (IN)
                         net (fo=0)                   0.000     0.000    rst
    V14                  IBUF (Prop_ibuf_I_O)         0.160     0.160 f  rst_IBUF_inst/O
                         net (fo=2, routed)           0.350     0.510    rst_IBUF
    SLICE_X0Y1           FDCE                                         f  FSM_sequential_current_state_reg[1]/CLR
  -------------------------------------------------------------------    -------------------

Slack:                    inf
  Source:                 FSM_sequential_current_state_reg[1]/C
                            (rising edge-triggered cell FDCE)
  Destination:            patronReconocido
                            (output port)
  Path Group:             (none)
  Path Type:              Min at Fast Process Corner
  Data Path Delay:        1.760ns  (logic 1.343ns (76.310%)  route 0.417ns (23.690%))
  Logic Levels:           3  (FDCE=1 LUT2=1 OBUF=1)

    Location             Delay type                Incr(ns)  Path(ns)    Netlist Resource(s)
  -------------------------------------------------------------------    -------------------
    SLICE_X0Y1           FDCE                         0.000     0.000 r  FSM_sequential_current_state_reg[1]/C
    SLICE_X0Y1           FDCE (Prop_fdce_C_Q)         0.128     0.128 r  FSM_sequential_current_state_reg[1]/Q
                         net (fo=3, routed)           0.075     0.203    current_state[1]
    SLICE_X0Y1           LUT2 (Prop_lut2_I1_O)        0.099     0.302 r  patronReconocido_OBUF_inst_i_1/O
                         net (fo=1, routed)           0.342     0.644    patronReconocido_OBUF
    U14                  OBUF (Prop_obuf_I_O)         1.116     1.760 r  patronReconocido_OBUF_inst/O
                         net (fo=0)                   0.000     1.760    patronReconocido
    U14                                                               r  patronReconocido (OUT)
  -------------------------------------------------------------------    -------------------





